GROUP,PACKAGE,CLASS,INSTRUCTION_MISSED,INSTRUCTION_COVERED,BRANCH_MISSED,BRANCH_COVERED,LINE_MISSED,LINE_COVERED,COMPLEXITY_MISSED,COMPLEXITY_COVERED,METHOD_MISSED,METHOD_COVERED
BankBranchManagement,org.example.exception,DataException,4,5,0,0,2,2,1,1,1,1
BankBranchManagement,org.example.model,BranchUpdate,9,17,0,0,4,7,1,5,1,5
BankBranchManagement,org.example.model,Employee,0,46,0,0,0,19,0,10,0,10
BankBranchManagement,org.example.model,EmployeeUpdate,9,17,0,0,4,7,1,5,1,5
BankBranchManagement,org.example.model,Branch,6,76,0,0,3,32,1,16,1,16
BankBranchManagement,org.example.service,BranchService,0,28,0,0,0,9,0,5,0,5
BankBranchManagement,org.example.service,EmployeeService,0,29,0,0,0,8,0,5,0,5
BankBranchManagement,org.example.servelet,EmployeeServelet,32,101,0,0,10,31,1,5,1,5
BankBranchManagement,org.example.servelet,BranchServelet,15,125,0,0,5,39,0,7,0,7
BankBranchManagement,org.example.repository,EmployeeDAO,34,188,2,6,8,51,2,8,0,6
BankBranchManagement,org.example.repository,BranchDAO,41,214,3,5,9,56,3,7,0,6
BankBranchManagement,org.example.dbconfig,ConnectionClass,7,69,0,0,2,18,0,2,0,2
