<?xml version="1.0" encoding="UTF-8"?>
<testsuite xmlns:xsi="http://www.w3.org/2001/XMLSchema-instance" xsi:noNamespaceSchemaLocation="https://maven.apache.org/surefire/maven-surefire-plugin/xsd/surefire-test-report-3.0.xsd" version="3.0" name="org.example.EmployeeDAOTest" time="0.169" tests="6" errors="0" skipped="0" failures="0">
  <properties>
[...]
</properties>
  <testcase name="testGet" classname="org.example.EmployeeDAOTest" time="0.038"/>
  <testcase name="testInsertInvalid" classname="org.example.EmployeeDAOTest" time="0.028"/>
  <testcase name="testDeleteInvalid" classname="org.example.EmployeeDAOTest" time="0.024"/>
  <testcase name="testDelete" classname="org.example.EmployeeDAOTest" time="0.024"/>
  <testcase name="testInsert" classname="org.example.EmployeeDAOTest" time="0.022"/>
  <testcase name="testUpdate" classname="org.example.EmployeeDAOTest" time="0.026"/>
</testsuite>