<?xml version="1.0" encoding="UTF-8"?>
<testsuite xmlns:xsi="http://www.w3.org/2001/XMLSchema-instance" xsi:noNamespaceSchemaLocation="https://maven.apache.org/surefire/maven-surefire-plugin/xsd/surefire-test-report-3.0.xsd" version="3.0" name="org.example.EmployeeServeletTest" time="0.031" tests="6" errors="0" skipped="0" failures="0">
  <properties>
[...]
</properties>
  <testcase name="testdoPost" classname="org.example.EmployeeServeletTest" time="0.031"/>
  <testcase name="testDoPut" classname="org.example.EmployeeServeletTest" time="0.0"/>
  <testcase name="testdoPostInvalid" classname="org.example.EmployeeServeletTest" time="0.0"/>
  <testcase name="testdoDeleteInvalid" classname="org.example.EmployeeServeletTest" time="0.0"/>
  <testcase name="testDoPutInvalid" classname="org.example.EmployeeServeletTest" time="0.0"/>
  <testcase name="testdoDelete" classname="org.example.EmployeeServeletTest" time="0.0"/>
</testsuite>